{
  "date": "June 5th 2021, 7:32:25 pm",
  "text": "正常写入"
}
{
  "date": "June 5th 2021, 7:33:42 pm",
  "text": "正常写入"
}
{
  "date": "June 5th 2021, 7:35:57 pm",
  "text": "正常写入"
}
{
  "date": "June 5th 2021, 7:38:29 pm",
  "text": "正常写入"
}
{
  "date": "June 5th 2021, 7:39:04 pm",
  "text": "正常写入"
}
{
  "date": "June 5th 2021, 7:42:30 pm",
  "text": "正常写入"
}
{
  "date": "June 5th 2021, 7:43:30 pm",
  "text": "正常写入"
}
{
  "date": "June 5th 2021, 7:47:00 pm",
  "text": "正常写入"
}
{
  "date": "June 5th 2021, 7:51:39 pm",
  "text": "正常写入"
}
{
  "date": "June 5th 2021, 7:52:00 pm",
  "text": "正常写入"
}
{
  "date": "June 5th 2021, 7:52:06 pm",
  "text": "正常写入"
}
{
  "date": "June 5th 2021, 7:52:13 pm",
  "text": "正常写入"
}
{
  "date": "June 5th 2021, 7:52:28 pm",
  "text": "正常写入"
}
{
  "date": "June 5th 2021, 7:52:59 pm",
  "text": "正常写入"
}
{
  "date": "June 5th 2021, 7:54:31 pm",
  "text": "正常写入"
}
{
  "date": "June 5th 2021, 10:24:20 pm",
  "text": "正常写入"
}
{
  "date": "June 5th 2021, 10:25:55 pm",
  "text": "正常写入"
}
{
  "date": "June 5th 2021, 10:35:50 pm",
  "text": "Sat, Jun 5, 2021 10:35 PM正常写入"
}
{
  "date": "June 5th 2021, 10:36:23 pm",
  "text": "Sat, Jun 5, 2021 10:36 PM正常写入"
}
{
  "date": "June 5th 2021, 10:52:24 pm",
  "text": "Sat, Jun 5, 2021 10:52 PM正常写入"
}
